<?xml version="1.0" encoding="UTF-8"?>
<testng-results skipped="0" failed="0" ignored="0" total="1" passed="1">
  <reporter-output>
  </reporter-output>
  <suite name="Suite" duration-ms="37899" started-at="2020-05-27T12:18:25Z" finished-at="2020-05-27T12:19:03Z">
    <groups>
    </groups>
    <test name="Test" duration-ms="37899" started-at="2020-05-27T12:18:25Z" finished-at="2020-05-27T12:19:03Z">
      <class name="com.scripts.MavenActiTIME.TESTActitime_Login">
        <test-method status="PASS" signature="openBrowser()[pri:0, instance:com.scripts.MavenActiTIME.TESTActitime_Login@42607a4f]" name="openBrowser" is-config="true" duration-ms="30617" started-at="2020-05-27T12:18:25Z" finished-at="2020-05-27T12:18:56Z">
          <reporter-output>
          </reporter-output>
        </test-method> <!-- openBrowser -->
        <test-method status="PASS" signature="mayank()[pri:0, instance:com.scripts.MavenActiTIME.TESTActitime_Login@42607a4f]" name="mayank" duration-ms="7195" started-at="2020-05-27T12:18:56Z" finished-at="2020-05-27T12:19:03Z">
          <reporter-output>
          </reporter-output>
        </test-method> <!-- mayank -->
        <test-method status="PASS" signature="closeBrowser()[pri:0, instance:com.scripts.MavenActiTIME.TESTActitime_Login@42607a4f]" name="closeBrowser" is-config="true" duration-ms="1" started-at="2020-05-27T12:19:03Z" finished-at="2020-05-27T12:19:03Z">
          <reporter-output>
          </reporter-output>
        </test-method> <!-- closeBrowser -->
      </class> <!-- com.scripts.MavenActiTIME.TESTActitime_Login -->
    </test> <!-- Test -->
  </suite> <!-- Suite -->
</testng-results>
